2021-10-13 12:56:16 WARN  ClassPathXmlApplicationContext:591 - Exception encountered during context initialization - cancelling refresh attempt: org.springframework.beans.factory.BeanCreationException: Error creating bean with name 'InstitutoPrograma' defined in class path resource [instituto-app.xml]: Cannot resolve reference to bean 'institutoFileScanner' while setting constructor argument; nested exception is org.springframework.beans.factory.NoSuchBeanDefinitionException: No bean named 'institutoFileScanner' available
2021-10-13 12:57:51 WARN  ClassPathXmlApplicationContext:591 - Exception encountered during context initialization - cancelling refresh attempt: org.springframework.beans.factory.BeanCreationException: Error creating bean with name 'InstitutoPrograma' defined in class path resource [instituto-app.xml]: Cannot resolve reference to bean 'institutoFileScanner' while setting constructor argument; nested exception is org.springframework.beans.factory.NoSuchBeanDefinitionException: No bean named 'institutoFileScanner' available
2021-10-13 13:00:25 WARN  ClassPathXmlApplicationContext:591 - Exception encountered during context initialization - cancelling refresh attempt: org.springframework.beans.factory.BeanCreationException: Error creating bean with name 'InstitutoPrograma' defined in class path resource [instituto-app.xml]: Cannot resolve reference to bean 'institutoFileScanner' while setting constructor argument; nested exception is org.springframework.beans.factory.NoSuchBeanDefinitionException: No bean named 'institutoFileScanner' available
2021-10-13 13:03:32 WARN  ClassPathXmlApplicationContext:591 - Exception encountered during context initialization - cancelling refresh attempt: org.springframework.beans.factory.BeanCreationException: Error creating bean with name 'InstitutoPrograma' defined in class path resource [instituto-app.xml]: Cannot resolve reference to bean 'institutoFileScanner' while setting constructor argument; nested exception is org.springframework.beans.factory.NoSuchBeanDefinitionException: No bean named 'institutoFileScanner' available
2021-10-13 13:05:39 WARN  ClassPathXmlApplicationContext:591 - Exception encountered during context initialization - cancelling refresh attempt: org.springframework.beans.factory.BeanCreationException: Error creating bean with name 'InstitutoPrograma' defined in class path resource [instituto-app.xml]: Cannot resolve reference to bean 'institutoFileScanner' while setting constructor argument; nested exception is org.springframework.beans.factory.NoSuchBeanDefinitionException: No bean named 'institutoFileScanner' available
2021-10-13 13:06:25 WARN  ClassPathXmlApplicationContext:591 - Exception encountered during context initialization - cancelling refresh attempt: org.springframework.beans.factory.BeanCreationException: Error creating bean with name 'InstitutoPrograma' defined in class path resource [instituto-app.xml]: Cannot resolve reference to bean 'institutoFileScanner' while setting constructor argument; nested exception is org.springframework.beans.factory.BeanCreationException: Error creating bean with name 'institutoFileScanner' defined in class path resource [instituto-app.xml]: Instantiation of bean failed; nested exception is org.springframework.beans.BeanInstantiationException: Failed to instantiate [org.iesfm.ioc.InstitutoPrograma]: No default constructor found; nested exception is java.lang.NoSuchMethodException: org.iesfm.ioc.InstitutoPrograma.<init>()
2021-10-13 13:07:05 INFO  InstitutoWriter:15 - Introduce el path al archivo
2021-10-13 13:07:36 ERROR InstitutoReader:26 - Error leyendo el instituto
com.fasterxml.jackson.databind.exc.InvalidDefinitionException: Cannot construct instance of `org.iesfm.ioc.Instituto` (no Creators, like default constructor, exist): cannot deserialize from Object value (no delegate- or property-based Creator)
 at [Source: (File); line: 2, column: 3]
	at com.fasterxml.jackson.databind.exc.InvalidDefinitionException.from(InvalidDefinitionException.java:67)
	at com.fasterxml.jackson.databind.DeserializationContext.reportBadDefinition(DeserializationContext.java:1764)
	at com.fasterxml.jackson.databind.DatabindContext.reportBadDefinition(DatabindContext.java:400)
	at com.fasterxml.jackson.databind.DeserializationContext.handleMissingInstantiator(DeserializationContext.java:1209)
	at com.fasterxml.jackson.databind.deser.BeanDeserializerBase.deserializeFromObjectUsingNonDefault(BeanDeserializerBase.java:1415)
	at com.fasterxml.jackson.databind.deser.BeanDeserializer.deserializeFromObject(BeanDeserializer.java:362)
	at com.fasterxml.jackson.databind.deser.BeanDeserializer.deserialize(BeanDeserializer.java:195)
	at com.fasterxml.jackson.databind.deser.DefaultDeserializationContext.readRootValue(DefaultDeserializationContext.java:322)
	at com.fasterxml.jackson.databind.ObjectMapper._readMapAndClose(ObjectMapper.java:4593)
	at com.fasterxml.jackson.databind.ObjectMapper.readValue(ObjectMapper.java:3413)
	at org.iesfm.ioc.InstitutoReader.leeInstituto(InstitutoReader.java:24)
	at org.iesfm.ioc.InstitutoPrograma.ejecutar(InstitutoPrograma.java:24)
	at org.iesfm.ioc.Main.main(Main.java:13)
2021-10-13 13:07:36 ERROR InstitutoWriter:26 - No se ha encontrado el instituto
2021-10-13 13:09:02 INFO  InstitutoWriter:15 - Introduce el path al archivo
2021-10-13 13:09:05 INFO  InstitutoWriter:11 - Federica Montseny
